<?xml version="1.0" encoding="UTF-8"?>
<!-- Generated by org.testng.reporters.JUnitReportReporter -->
<testsuite skipped="0" hostname="DESKTOP-ONTGILH" name="fpoly.Lab8" tests="3" failures="0" timestamp="27 Jul 2020 06:41:18 GMT" time="4.878" errors="0">
  <testcase name="test1" time="4.764" classname="fpoly.Lab8"/>
  <testcase name="test2" time="0.111" classname="fpoly.Lab8"/>
  <testcase name="writer" time="0.003" classname="fpoly.Lab8"/>
</testsuite> <!-- fpoly.Lab8 -->
