<?xml version="1.0" encoding="UTF-8"?>
<!-- Generated by org.testng.reporters.JUnitReportReporter -->
<testsuite skipped="0" hostname="DESKTOP-6KCAU01" name="poly.selenium.Selenium1" tests="10" failures="0" timestamp="06 Jun 2020 05:08:17 GMT" time="82.685" errors="0">
  <testcase name="Test" time="2.838" classname="poly.selenium.Selenium1"/>
  <testcase name="Test1" time="10.587" classname="poly.selenium.Selenium1"/>
  <testcase name="Test3" time="6.961" classname="poly.selenium.Selenium1"/>
  <testcase name="Test4" time="3.277" classname="poly.selenium.Selenium1"/>
  <testcase name="Test5" time="12.827" classname="poly.selenium.Selenium1"/>
  <testcase name="Test6" time="7.086" classname="poly.selenium.Selenium1"/>
  <testcase name="deleteDepart" time="4.062" classname="poly.selenium.Selenium1"/>
  <testcase name="testAddNV" time="22.188" classname="poly.selenium.Selenium1"/>
  <testcase name="testUpdateNV" time="9.824" classname="poly.selenium.Selenium1"/>
  <testcase name="suiteTearDown" time="3.035" classname="poly.selenium.Selenium1"/>
</testsuite> <!-- poly.selenium.Selenium1 -->
