<?xml version="1.0" encoding="UTF-8"?>
<!-- Generated by org.testng.reporters.JUnitReportReporter -->
<testsuite skipped="0" hostname="DESKTOP-ONTGILH" name="poly.selenium.NewTest" tests="1" failures="0" timestamp="31 Jul 2020 07:13:37 GMT" time="0.015" errors="0">
  <testcase name="f" time="0.015" classname="poly.selenium.NewTest"/>
</testsuite> <!-- poly.selenium.NewTest -->
